/*C2*/SET SCHEMA PUBLIC
CREATE TABLE IF NOT EXISTS VALID_INPUT_STORE ( INPUT VARCHAR(500) PRIMARY KEY NOT NULL )
INSERT INTO VALID_INPUT_STORE VALUES('kayak')
COMMIT
INSERT INTO VALID_INPUT_STORE VALUES('tit')
COMMIT
DISCONNECT
/*C3*/SET SCHEMA PUBLIC
DISCONNECT
/*C4*/SET SCHEMA PUBLIC
DISCONNECT
/*C5*/SET SCHEMA PUBLIC
DISCONNECT
/*C6*/SET SCHEMA PUBLIC
DISCONNECT
/*C7*/SET SCHEMA PUBLIC
DISCONNECT
/*C8*/SET SCHEMA PUBLIC
DISCONNECT
/*C9*/SET SCHEMA PUBLIC
DISCONNECT
/*C10*/SET SCHEMA PUBLIC
DISCONNECT
/*C11*/SET SCHEMA PUBLIC
DISCONNECT
